<?xml version="1.0" encoding="UTF-8"?>
<!-- Generated by org.testng.reporters.JUnitXMLReporter -->
<testsuite ignored="0" hostname="DESKTOP-DQ564GQ" failures="0" tests="3" name="Default test" time="72.088" errors="0" timestamp="24 Apr 2023 09:48:23 GMT">
  <testcase classname="Testcases.LoginTest" name="Test2" time="18.088"/>
  <testcase classname="Testcases.LoginTest" name="test1" time="18.253"/>
  <testcase classname="Testcases.LoginTest" name="test4" time="17.2"/>
</testsuite> <!-- Default test -->
