<?xml version="1.0" encoding="UTF-8"?>
<testng-results ignored="0" total="3" passed="3" failed="0" skipped="0">
  <reporter-output>
  </reporter-output>
  <suite started-at="2023-04-25T17:08:44Z" name="Suite" finished-at="2023-04-25T17:09:38Z" duration-ms="54555">
    <groups>
    </groups>
    <test started-at="2023-04-25T17:08:44Z" name="Test" finished-at="2023-04-25T17:09:38Z" duration-ms="54555">
      <class name="Testcases.LoginTest">
        <test-method is-config="true" signature="Reportsetup()[pri:0, instance:Testcases.LoginTest@71e9ebae]" started-at="2023-04-25T17:08:44Z" name="Reportsetup" finished-at="2023-04-25T17:08:45Z" duration-ms="699" status="PASS">
          <reporter-output>
          </reporter-output>
        </test-method> <!-- Reportsetup -->
        <test-method is-config="true" signature="setup(java.lang.reflect.Method)[pri:0, instance:Testcases.LoginTest@71e9ebae]" started-at="2023-04-25T17:08:45Z" name="setup" finished-at="2023-04-25T17:08:47Z" duration-ms="2854" status="PASS">
          <params>
            <param index="0">
              <value>
                <![CDATA[public void Testcases.LoginTest.Test2() throws java.lang.InterruptedException]]>
              </value>
            </param>
          </params>
          <reporter-output>
          </reporter-output>
        </test-method> <!-- setup -->
        <test-method signature="Test2()[pri:0, instance:Testcases.LoginTest@71e9ebae]" started-at="2023-04-25T17:08:47Z" name="Test2" finished-at="2023-04-25T17:09:02Z" duration-ms="14809" status="PASS">
          <reporter-output>
          </reporter-output>
        </test-method> <!-- Test2 -->
        <test-method is-config="true" signature="teardown()[pri:0, instance:Testcases.LoginTest@71e9ebae]" started-at="2023-04-25T17:09:02Z" name="teardown" finished-at="2023-04-25T17:09:02Z" duration-ms="226" status="PASS">
          <reporter-output>
          </reporter-output>
        </test-method> <!-- teardown -->
        <test-method is-config="true" signature="setup(java.lang.reflect.Method)[pri:0, instance:Testcases.LoginTest@71e9ebae]" started-at="2023-04-25T17:09:02Z" name="setup" finished-at="2023-04-25T17:09:05Z" duration-ms="2541" status="PASS">
          <params>
            <param index="0">
              <value>
                <![CDATA[public void Testcases.LoginTest.test1() throws java.lang.InterruptedException]]>
              </value>
            </param>
          </params>
          <reporter-output>
          </reporter-output>
        </test-method> <!-- setup -->
        <test-method signature="test1()[pri:0, instance:Testcases.LoginTest@71e9ebae]" started-at="2023-04-25T17:09:05Z" name="test1" finished-at="2023-04-25T17:09:20Z" duration-ms="15016" status="PASS">
          <reporter-output>
          </reporter-output>
        </test-method> <!-- test1 -->
        <test-method is-config="true" signature="teardown()[pri:0, instance:Testcases.LoginTest@71e9ebae]" started-at="2023-04-25T17:09:20Z" name="teardown" finished-at="2023-04-25T17:09:20Z" duration-ms="170" status="PASS">
          <reporter-output>
          </reporter-output>
        </test-method> <!-- teardown -->
        <test-method is-config="true" signature="setup(java.lang.reflect.Method)[pri:0, instance:Testcases.LoginTest@71e9ebae]" started-at="2023-04-25T17:09:20Z" name="setup" finished-at="2023-04-25T17:09:23Z" duration-ms="2452" status="PASS">
          <params>
            <param index="0">
              <value>
                <![CDATA[public void Testcases.LoginTest.test4() throws com.codoid.products.exception.FilloException,java.lang.InterruptedException]]>
              </value>
            </param>
          </params>
          <reporter-output>
          </reporter-output>
        </test-method> <!-- setup -->
        <test-method signature="test4()[pri:0, instance:Testcases.LoginTest@71e9ebae]" started-at="2023-04-25T17:09:23Z" name="test4" finished-at="2023-04-25T17:09:38Z" duration-ms="14978" status="PASS">
          <reporter-output>
          </reporter-output>
        </test-method> <!-- test4 -->
        <test-method is-config="true" signature="teardown()[pri:0, instance:Testcases.LoginTest@71e9ebae]" started-at="2023-04-25T17:09:38Z" name="teardown" finished-at="2023-04-25T17:09:38Z" duration-ms="341" status="PASS">
          <reporter-output>
          </reporter-output>
        </test-method> <!-- teardown -->
        <test-method is-config="true" signature="ReportClean()[pri:0, instance:Testcases.LoginTest@71e9ebae]" started-at="2023-04-25T17:09:38Z" name="ReportClean" finished-at="2023-04-25T17:09:38Z" duration-ms="451" status="PASS">
          <reporter-output>
          </reporter-output>
        </test-method> <!-- ReportClean -->
      </class> <!-- Testcases.LoginTest -->
    </test> <!-- Test -->
  </suite> <!-- Suite -->
</testng-results>
