<?xml version="1.0" encoding="UTF-8"?>
<testng-results skipped="0" failed="0" ignored="0" total="3" passed="3">
  <reporter-output>
  </reporter-output>
  <suite name="Suite" duration-ms="65006" started-at="2023-05-07T17:22:04Z" finished-at="2023-05-07T17:23:09Z">
    <groups>
    </groups>
    <test name="Test" duration-ms="65006" started-at="2023-05-07T17:22:04Z" finished-at="2023-05-07T17:23:09Z">
      <class name="Testcases.LoginTest">
        <test-method status="PASS" signature="Reportsetup()[pri:0, instance:Testcases.LoginTest@6591f517]" name="Reportsetup" is-config="true" duration-ms="1396" started-at="2023-05-07T17:22:04Z" finished-at="2023-05-07T17:22:05Z">
          <reporter-output>
          </reporter-output>
        </test-method> <!-- Reportsetup -->
        <test-method status="PASS" signature="setup(java.lang.reflect.Method)[pri:0, instance:Testcases.LoginTest@6591f517]" name="setup" is-config="true" duration-ms="7998" started-at="2023-05-07T17:22:05Z" finished-at="2023-05-07T17:22:13Z">
          <params>
            <param index="0">
              <value>
                <![CDATA[public void Testcases.LoginTest.Test2() throws java.lang.InterruptedException]]>
              </value>
            </param>
          </params>
          <reporter-output>
          </reporter-output>
        </test-method> <!-- setup -->
        <test-method status="PASS" signature="Test2()[pri:0, instance:Testcases.LoginTest@6591f517]" name="Test2" duration-ms="12887" started-at="2023-05-07T17:22:13Z" finished-at="2023-05-07T17:22:26Z">
          <reporter-output>
          </reporter-output>
        </test-method> <!-- Test2 -->
        <test-method status="PASS" signature="teardown()[pri:0, instance:Testcases.LoginTest@6591f517]" name="teardown" is-config="true" duration-ms="787" started-at="2023-05-07T17:22:26Z" finished-at="2023-05-07T17:22:27Z">
          <reporter-output>
          </reporter-output>
        </test-method> <!-- teardown -->
        <test-method status="PASS" signature="setup(java.lang.reflect.Method)[pri:0, instance:Testcases.LoginTest@6591f517]" name="setup" is-config="true" duration-ms="3575" started-at="2023-05-07T17:22:27Z" finished-at="2023-05-07T17:22:30Z">
          <params>
            <param index="0">
              <value>
                <![CDATA[public void Testcases.LoginTest.test1() throws java.lang.InterruptedException]]>
              </value>
            </param>
          </params>
          <reporter-output>
          </reporter-output>
        </test-method> <!-- setup -->
        <test-method status="PASS" signature="test1()[pri:0, instance:Testcases.LoginTest@6591f517]" name="test1" duration-ms="17272" started-at="2023-05-07T17:22:30Z" finished-at="2023-05-07T17:22:48Z">
          <reporter-output>
          </reporter-output>
        </test-method> <!-- test1 -->
        <test-method status="PASS" signature="teardown()[pri:0, instance:Testcases.LoginTest@6591f517]" name="teardown" is-config="true" duration-ms="781" started-at="2023-05-07T17:22:48Z" finished-at="2023-05-07T17:22:48Z">
          <reporter-output>
          </reporter-output>
        </test-method> <!-- teardown -->
        <test-method status="PASS" signature="setup(java.lang.reflect.Method)[pri:0, instance:Testcases.LoginTest@6591f517]" name="setup" is-config="true" duration-ms="4086" started-at="2023-05-07T17:22:48Z" finished-at="2023-05-07T17:22:52Z">
          <params>
            <param index="0">
              <value>
                <![CDATA[public void Testcases.LoginTest.test4() throws com.codoid.products.exception.FilloException,java.lang.InterruptedException]]>
              </value>
            </param>
          </params>
          <reporter-output>
          </reporter-output>
        </test-method> <!-- setup -->
        <test-method status="PASS" signature="test4()[pri:0, instance:Testcases.LoginTest@6591f517]" name="test4" duration-ms="14751" started-at="2023-05-07T17:22:52Z" finished-at="2023-05-07T17:23:07Z">
          <reporter-output>
          </reporter-output>
        </test-method> <!-- test4 -->
        <test-method status="PASS" signature="teardown()[pri:0, instance:Testcases.LoginTest@6591f517]" name="teardown" is-config="true" duration-ms="842" started-at="2023-05-07T17:23:07Z" finished-at="2023-05-07T17:23:08Z">
          <reporter-output>
          </reporter-output>
        </test-method> <!-- teardown -->
        <test-method status="PASS" signature="ReportClean()[pri:0, instance:Testcases.LoginTest@6591f517]" name="ReportClean" is-config="true" duration-ms="584" started-at="2023-05-07T17:23:08Z" finished-at="2023-05-07T17:23:09Z">
          <reporter-output>
          </reporter-output>
        </test-method> <!-- ReportClean -->
      </class> <!-- Testcases.LoginTest -->
    </test> <!-- Test -->
  </suite> <!-- Suite -->
</testng-results>
