<?xml version="1.0" encoding="UTF-8"?>
<testng-results ignored="0" total="1" passed="1" failed="0" skipped="0">
  <reporter-output>
  </reporter-output>
  <suite started-at="2023-05-08T15:21:19Z" name="Default suite" finished-at="2023-05-08T15:21:23Z" duration-ms="3341">
    <groups>
    </groups>
    <test started-at="2023-05-08T15:21:19Z" name="Default test" finished-at="2023-05-08T15:21:23Z" duration-ms="3341">
      <class name="Testcases.GridExample">
        <test-method signature="testgrid()[pri:0, instance:Testcases.GridExample@4e423aa2]" started-at="2023-05-08T15:21:19Z" name="testgrid" finished-at="2023-05-08T15:21:23Z" duration-ms="3300" status="PASS">
          <reporter-output>
          </reporter-output>
        </test-method> <!-- testgrid -->
      </class> <!-- Testcases.GridExample -->
    </test> <!-- Default test -->
  </suite> <!-- Default suite -->
</testng-results>
